Warning 503: timing_reports.tcl line 1, report_checks -group_count is deprecated. Use -group_path_count instead.
Startpoint: uut/write/uut_1/_0_
            (rising edge-triggered flip-flop clocked by rclk)
Endpoint: uut/write/uut_2/_0_ (rising edge-triggered flip-flop clocked by rclk)
Path Group: rclk
Path Type: min

  Delay    Time   Description
---------------------------------------------------------
   0.00    0.00   clock rclk (rise edge)
   0.00    0.00   clock network delay (ideal)
   0.00    0.00 ^ uut/write/uut_1/_0_/CLK (sky130_fd_sc_hd__dfxtp_1)
   0.27    0.27 ^ uut/write/uut_1/_0_/Q (sky130_fd_sc_hd__dfxtp_1)
   0.00    0.27 ^ uut/write/uut_2/_0_/D (sky130_fd_sc_hd__dfxtp_1)
           0.27   data arrival time

   0.00    0.00   clock rclk (rise edge)
   0.00    0.00   clock network delay (ideal)
   0.10    0.10   clock uncertainty
   0.00    0.10   clock reconvergence pessimism
           0.10 ^ uut/write/uut_2/_0_/CLK (sky130_fd_sc_hd__dfxtp_1)
  -0.03    0.07   library hold time
           0.07   data required time
---------------------------------------------------------
           0.07   data required time
          -0.27   data arrival time
---------------------------------------------------------
           0.21   slack (MET)


Startpoint: uut/write/uut_1/_1_
            (rising edge-triggered flip-flop clocked by rclk)
Endpoint: uut/write/uut_2/_1_ (rising edge-triggered flip-flop clocked by rclk)
Path Group: rclk
Path Type: min

  Delay    Time   Description
---------------------------------------------------------
   0.00    0.00   clock rclk (rise edge)
   0.00    0.00   clock network delay (ideal)
   0.00    0.00 ^ uut/write/uut_1/_1_/CLK (sky130_fd_sc_hd__dfxtp_1)
   0.27    0.27 ^ uut/write/uut_1/_1_/Q (sky130_fd_sc_hd__dfxtp_1)
   0.00    0.27 ^ uut/write/uut_2/_1_/D (sky130_fd_sc_hd__dfxtp_1)
           0.27   data arrival time

   0.00    0.00   clock rclk (rise edge)
   0.00    0.00   clock network delay (ideal)
   0.10    0.10   clock uncertainty
   0.00    0.10   clock reconvergence pessimism
           0.10 ^ uut/write/uut_2/_1_/CLK (sky130_fd_sc_hd__dfxtp_1)
  -0.03    0.07   library hold time
           0.07   data required time
---------------------------------------------------------
           0.07   data required time
          -0.27   data arrival time
---------------------------------------------------------
           0.21   slack (MET)


Startpoint: uut/write/uut_1/_2_
            (rising edge-triggered flip-flop clocked by rclk)
Endpoint: uut/write/uut_2/_2_ (rising edge-triggered flip-flop clocked by rclk)
Path Group: rclk
Path Type: min

  Delay    Time   Description
---------------------------------------------------------
   0.00    0.00   clock rclk (rise edge)
   0.00    0.00   clock network delay (ideal)
   0.00    0.00 ^ uut/write/uut_1/_2_/CLK (sky130_fd_sc_hd__dfxtp_1)
   0.27    0.27 ^ uut/write/uut_1/_2_/Q (sky130_fd_sc_hd__dfxtp_1)
   0.00    0.27 ^ uut/write/uut_2/_2_/D (sky130_fd_sc_hd__dfxtp_1)
           0.27   data arrival time

   0.00    0.00   clock rclk (rise edge)
   0.00    0.00   clock network delay (ideal)
   0.10    0.10   clock uncertainty
   0.00    0.10   clock reconvergence pessimism
           0.10 ^ uut/write/uut_2/_2_/CLK (sky130_fd_sc_hd__dfxtp_1)
  -0.03    0.07   library hold time
           0.07   data required time
---------------------------------------------------------
           0.07   data required time
          -0.27   data arrival time
---------------------------------------------------------
           0.21   slack (MET)


Startpoint: uut/write/uut_1/_3_
            (rising edge-triggered flip-flop clocked by rclk)
Endpoint: uut/write/uut_2/_3_ (rising edge-triggered flip-flop clocked by rclk)
Path Group: rclk
Path Type: min

  Delay    Time   Description
---------------------------------------------------------
   0.00    0.00   clock rclk (rise edge)
   0.00    0.00   clock network delay (ideal)
   0.00    0.00 ^ uut/write/uut_1/_3_/CLK (sky130_fd_sc_hd__dfxtp_1)
   0.27    0.27 ^ uut/write/uut_1/_3_/Q (sky130_fd_sc_hd__dfxtp_1)
   0.00    0.27 ^ uut/write/uut_2/_3_/D (sky130_fd_sc_hd__dfxtp_1)
           0.27   data arrival time

   0.00    0.00   clock rclk (rise edge)
   0.00    0.00   clock network delay (ideal)
   0.10    0.10   clock uncertainty
   0.00    0.10   clock reconvergence pessimism
           0.10 ^ uut/write/uut_2/_3_/CLK (sky130_fd_sc_hd__dfxtp_1)
  -0.03    0.07   library hold time
           0.07   data required time
---------------------------------------------------------
           0.07   data required time
          -0.27   data arrival time
---------------------------------------------------------
           0.21   slack (MET)


Startpoint: uut/write/uut_2/_3_
            (rising edge-triggered flip-flop clocked by rclk)
Endpoint: uut/rl/_31_ (rising edge-triggered flip-flop clocked by rclk)
Path Group: rclk
Path Type: min

  Delay    Time   Description
---------------------------------------------------------
   0.00    0.00   clock rclk (rise edge)
   0.00    0.00   clock network delay (ideal)
   0.00    0.00 ^ uut/write/uut_2/_3_/CLK (sky130_fd_sc_hd__dfxtp_1)
   0.33    0.33 ^ uut/write/uut_2/_3_/Q (sky130_fd_sc_hd__dfxtp_1)
   0.07    0.39 v uut/rl/_18_/Y (sky130_fd_sc_hd__xnor2_1)
   0.11    0.50 ^ uut/rl/_19_/Y (sky130_fd_sc_hd__nand4_1)
   0.07    0.57 v uut/rl/_27_/Y (sky130_fd_sc_hd__a21oi_1)
   0.10    0.67 ^ uut/rl/_28_/Y (sky130_fd_sc_hd__nor3_1)
   0.00    0.67 ^ uut/rl/_31_/D (sky130_fd_sc_hd__dfxtp_1)
           0.67   data arrival time

   0.00    0.00   clock rclk (rise edge)
   0.00    0.00   clock network delay (ideal)
   0.10    0.10   clock uncertainty
   0.00    0.10   clock reconvergence pessimism
           0.10 ^ uut/rl/_31_/CLK (sky130_fd_sc_hd__dfxtp_1)
  -0.05    0.05   library hold time
           0.05   data required time
---------------------------------------------------------
           0.05   data required time
          -0.67   data arrival time
---------------------------------------------------------
           0.62   slack (MET)


Startpoint: uut/rl/_34_ (rising edge-triggered flip-flop clocked by rclk)
Endpoint: uut/rl/_34_ (rising edge-triggered flip-flop clocked by rclk)
Path Group: rclk
Path Type: min

  Delay    Time   Description
---------------------------------------------------------
   0.00    0.00   clock rclk (rise edge)
   0.00    0.00   clock network delay (ideal)
   0.00    0.00 ^ uut/rl/_34_/CLK (sky130_fd_sc_hd__dfxtp_1)
   0.49    0.49 v uut/rl/_34_/Q (sky130_fd_sc_hd__dfxtp_1)
   0.26    0.75 v uut/rl/_30_/X (sky130_fd_sc_hd__o21a_1)
   0.00    0.75 v uut/rl/_34_/D (sky130_fd_sc_hd__dfxtp_1)
           0.75   data arrival time

   0.00    0.00   clock rclk (rise edge)
   0.00    0.00   clock network delay (ideal)
   0.10    0.10   clock uncertainty
   0.00    0.10   clock reconvergence pessimism
           0.10 ^ uut/rl/_34_/CLK (sky130_fd_sc_hd__dfxtp_1)
  -0.06    0.04   library hold time
           0.04   data required time
---------------------------------------------------------
           0.04   data required time
          -0.75   data arrival time
---------------------------------------------------------
           0.71   slack (MET)


Startpoint: uut/write/uut_2/_3_
            (rising edge-triggered flip-flop clocked by rclk)
Endpoint: uut/rl/_32_ (rising edge-triggered flip-flop clocked by rclk)
Path Group: rclk
Path Type: min

  Delay    Time   Description
---------------------------------------------------------
   0.00    0.00   clock rclk (rise edge)
   0.00    0.00   clock network delay (ideal)
   0.00    0.00 ^ uut/write/uut_2/_3_/CLK (sky130_fd_sc_hd__dfxtp_1)
   0.33    0.33 ^ uut/write/uut_2/_3_/Q (sky130_fd_sc_hd__dfxtp_1)
   0.07    0.39 v uut/rl/_18_/Y (sky130_fd_sc_hd__xnor2_1)
   0.11    0.50 ^ uut/rl/_19_/Y (sky130_fd_sc_hd__nand4_1)
   0.24    0.74 ^ uut/rl/_21_/X (sky130_fd_sc_hd__and3_1)
   0.12    0.86 ^ uut/rl/_26_/X (sky130_fd_sc_hd__o21a_1)
   0.00    0.86 ^ uut/rl/_32_/D (sky130_fd_sc_hd__dfxtp_1)
           0.86   data arrival time

   0.00    0.00   clock rclk (rise edge)
   0.00    0.00   clock network delay (ideal)
   0.10    0.10   clock uncertainty
   0.00    0.10   clock reconvergence pessimism
           0.10 ^ uut/rl/_32_/CLK (sky130_fd_sc_hd__dfxtp_1)
  -0.03    0.07   library hold time
           0.07   data required time
---------------------------------------------------------
           0.07   data required time
          -0.86   data arrival time
---------------------------------------------------------
           0.79   slack (MET)


Startpoint: uut/write/uut_2/_3_
            (rising edge-triggered flip-flop clocked by rclk)
Endpoint: uut/rl/_33_ (rising edge-triggered flip-flop clocked by rclk)
Path Group: rclk
Path Type: min

  Delay    Time   Description
---------------------------------------------------------
   0.00    0.00   clock rclk (rise edge)
   0.00    0.00   clock network delay (ideal)
   0.00    0.00 ^ uut/write/uut_2/_3_/CLK (sky130_fd_sc_hd__dfxtp_1)
   0.33    0.33 ^ uut/write/uut_2/_3_/Q (sky130_fd_sc_hd__dfxtp_1)
   0.07    0.39 v uut/rl/_18_/Y (sky130_fd_sc_hd__xnor2_1)
   0.11    0.50 ^ uut/rl/_19_/Y (sky130_fd_sc_hd__nand4_1)
   0.24    0.74 ^ uut/rl/_21_/X (sky130_fd_sc_hd__and3_1)
   0.08    0.82 v uut/rl/_23_/Y (sky130_fd_sc_hd__a21oi_1)
   0.10    0.92 ^ uut/rl/_24_/Y (sky130_fd_sc_hd__nor3_1)
   0.00    0.92 ^ uut/rl/_33_/D (sky130_fd_sc_hd__dfxtp_1)
           0.92   data arrival time

   0.00    0.00   clock rclk (rise edge)
   0.00    0.00   clock network delay (ideal)
   0.10    0.10   clock uncertainty
   0.00    0.10   clock reconvergence pessimism
           0.10 ^ uut/rl/_33_/CLK (sky130_fd_sc_hd__dfxtp_1)
  -0.05    0.05   library hold time
           0.05   data required time
---------------------------------------------------------
           0.05   data required time
          -0.92   data arrival time
---------------------------------------------------------
           0.88   slack (MET)


Startpoint: uut/rl/_31_ (rising edge-triggered flip-flop clocked by rclk)
Endpoint: uut1/_445_ (rising edge-triggered flip-flop clocked by rclk)
Path Group: rclk
Path Type: min

  Delay    Time   Description
---------------------------------------------------------
   0.00    0.00   clock rclk (rise edge)
   0.00    0.00   clock network delay (ideal)
   0.00    0.00 ^ uut/rl/_31_/CLK (sky130_fd_sc_hd__dfxtp_1)
   0.83    0.83 v uut/rl/_31_/Q (sky130_fd_sc_hd__dfxtp_1)
   0.42    1.25 ^ uut1/_171_/X (sky130_fd_sc_hd__mux2_1)
   0.00    1.25 ^ uut1/_445_/D (sky130_fd_sc_hd__edfxtp_1)
           1.25   data arrival time

   0.00    0.00   clock rclk (rise edge)
   0.00    0.00   clock network delay (ideal)
   0.10    0.10   clock uncertainty
   0.00    0.10   clock reconvergence pessimism
           0.10 ^ uut1/_445_/CLK (sky130_fd_sc_hd__edfxtp_1)
  -0.11   -0.01   library hold time
          -0.01   data required time
---------------------------------------------------------
          -0.01   data required time
          -1.25   data arrival time
---------------------------------------------------------
           1.26   slack (MET)


Startpoint: uut/rl/_31_ (rising edge-triggered flip-flop clocked by rclk)
Endpoint: uut1/_446_ (rising edge-triggered flip-flop clocked by rclk)
Path Group: rclk
Path Type: min

  Delay    Time   Description
---------------------------------------------------------
   0.00    0.00   clock rclk (rise edge)
   0.00    0.00   clock network delay (ideal)
   0.00    0.00 ^ uut/rl/_31_/CLK (sky130_fd_sc_hd__dfxtp_1)
   0.83    0.83 v uut/rl/_31_/Q (sky130_fd_sc_hd__dfxtp_1)
   0.42    1.25 ^ uut1/_168_/X (sky130_fd_sc_hd__mux2_1)
   0.00    1.25 ^ uut1/_446_/D (sky130_fd_sc_hd__edfxtp_1)
           1.25   data arrival time

   0.00    0.00   clock rclk (rise edge)
   0.00    0.00   clock network delay (ideal)
   0.10    0.10   clock uncertainty
   0.00    0.10   clock reconvergence pessimism
           0.10 ^ uut1/_446_/CLK (sky130_fd_sc_hd__edfxtp_1)
  -0.11   -0.01   library hold time
          -0.01   data required time
---------------------------------------------------------
          -0.01   data required time
          -1.25   data arrival time
---------------------------------------------------------
           1.26   slack (MET)


Startpoint: uut/read/uut_1/_0_ (rising edge-triggered flip-flop clocked by wclk)
Endpoint: uut/read/uut_2/_0_ (rising edge-triggered flip-flop clocked by wclk)
Path Group: wclk
Path Type: min

  Delay    Time   Description
---------------------------------------------------------
   0.00    0.00   clock wclk (rise edge)
   0.00    0.00   clock network delay (ideal)
   0.00    0.00 ^ uut/read/uut_1/_0_/CLK (sky130_fd_sc_hd__dfxtp_1)
   0.27    0.27 ^ uut/read/uut_1/_0_/Q (sky130_fd_sc_hd__dfxtp_1)
   0.00    0.27 ^ uut/read/uut_2/_0_/D (sky130_fd_sc_hd__dfxtp_1)
           0.27   data arrival time

   0.00    0.00   clock wclk (rise edge)
   0.00    0.00   clock network delay (ideal)
   0.10    0.10   clock uncertainty
   0.00    0.10   clock reconvergence pessimism
           0.10 ^ uut/read/uut_2/_0_/CLK (sky130_fd_sc_hd__dfxtp_1)
  -0.03    0.07   library hold time
           0.07   data required time
---------------------------------------------------------
           0.07   data required time
          -0.27   data arrival time
---------------------------------------------------------
           0.21   slack (MET)


Startpoint: uut/read/uut_1/_1_ (rising edge-triggered flip-flop clocked by wclk)
Endpoint: uut/read/uut_2/_1_ (rising edge-triggered flip-flop clocked by wclk)
Path Group: wclk
Path Type: min

  Delay    Time   Description
---------------------------------------------------------
   0.00    0.00   clock wclk (rise edge)
   0.00    0.00   clock network delay (ideal)
   0.00    0.00 ^ uut/read/uut_1/_1_/CLK (sky130_fd_sc_hd__dfxtp_1)
   0.27    0.27 ^ uut/read/uut_1/_1_/Q (sky130_fd_sc_hd__dfxtp_1)
   0.00    0.27 ^ uut/read/uut_2/_1_/D (sky130_fd_sc_hd__dfxtp_1)
           0.27   data arrival time

   0.00    0.00   clock wclk (rise edge)
   0.00    0.00   clock network delay (ideal)
   0.10    0.10   clock uncertainty
   0.00    0.10   clock reconvergence pessimism
           0.10 ^ uut/read/uut_2/_1_/CLK (sky130_fd_sc_hd__dfxtp_1)
  -0.03    0.07   library hold time
           0.07   data required time
---------------------------------------------------------
           0.07   data required time
          -0.27   data arrival time
---------------------------------------------------------
           0.21   slack (MET)


Startpoint: uut/read/uut_1/_2_ (rising edge-triggered flip-flop clocked by wclk)
Endpoint: uut/read/uut_2/_2_ (rising edge-triggered flip-flop clocked by wclk)
Path Group: wclk
Path Type: min

  Delay    Time   Description
---------------------------------------------------------
   0.00    0.00   clock wclk (rise edge)
   0.00    0.00   clock network delay (ideal)
   0.00    0.00 ^ uut/read/uut_1/_2_/CLK (sky130_fd_sc_hd__dfxtp_1)
   0.27    0.27 ^ uut/read/uut_1/_2_/Q (sky130_fd_sc_hd__dfxtp_1)
   0.00    0.27 ^ uut/read/uut_2/_2_/D (sky130_fd_sc_hd__dfxtp_1)
           0.27   data arrival time

   0.00    0.00   clock wclk (rise edge)
   0.00    0.00   clock network delay (ideal)
   0.10    0.10   clock uncertainty
   0.00    0.10   clock reconvergence pessimism
           0.10 ^ uut/read/uut_2/_2_/CLK (sky130_fd_sc_hd__dfxtp_1)
  -0.03    0.07   library hold time
           0.07   data required time
---------------------------------------------------------
           0.07   data required time
          -0.27   data arrival time
---------------------------------------------------------
           0.21   slack (MET)


Startpoint: uut/read/uut_1/_3_ (rising edge-triggered flip-flop clocked by wclk)
Endpoint: uut/read/uut_2/_3_ (rising edge-triggered flip-flop clocked by wclk)
Path Group: wclk
Path Type: min

  Delay    Time   Description
---------------------------------------------------------
   0.00    0.00   clock wclk (rise edge)
   0.00    0.00   clock network delay (ideal)
   0.00    0.00 ^ uut/read/uut_1/_3_/CLK (sky130_fd_sc_hd__dfxtp_1)
   0.27    0.27 ^ uut/read/uut_1/_3_/Q (sky130_fd_sc_hd__dfxtp_1)
   0.00    0.27 ^ uut/read/uut_2/_3_/D (sky130_fd_sc_hd__dfxtp_1)
           0.27   data arrival time

   0.00    0.00   clock wclk (rise edge)
   0.00    0.00   clock network delay (ideal)
   0.10    0.10   clock uncertainty
   0.00    0.10   clock reconvergence pessimism
           0.10 ^ uut/read/uut_2/_3_/CLK (sky130_fd_sc_hd__dfxtp_1)
  -0.03    0.07   library hold time
           0.07   data required time
---------------------------------------------------------
           0.07   data required time
          -0.27   data arrival time
---------------------------------------------------------
           0.21   slack (MET)


Startpoint: uut/read/uut_2/_3_ (rising edge-triggered flip-flop clocked by wclk)
Endpoint: uut/wl/_31_ (rising edge-triggered flip-flop clocked by wclk)
Path Group: wclk
Path Type: min

  Delay    Time   Description
---------------------------------------------------------
   0.00    0.00   clock wclk (rise edge)
   0.00    0.00   clock network delay (ideal)
   0.00    0.00 ^ uut/read/uut_2/_3_/CLK (sky130_fd_sc_hd__dfxtp_1)
   0.33    0.33 ^ uut/read/uut_2/_3_/Q (sky130_fd_sc_hd__dfxtp_1)
   0.07    0.39 v uut/wl/_17_/X (sky130_fd_sc_hd__xor2_1)
   0.11    0.51 ^ uut/wl/_19_/Y (sky130_fd_sc_hd__nand4_1)
   0.07    0.58 v uut/wl/_24_/Y (sky130_fd_sc_hd__a21oi_1)
   0.10    0.68 ^ uut/wl/_25_/Y (sky130_fd_sc_hd__nor3_1)
   0.00    0.68 ^ uut/wl/_31_/D (sky130_fd_sc_hd__dfxtp_1)
           0.68   data arrival time

   0.00    0.00   clock wclk (rise edge)
   0.00    0.00   clock network delay (ideal)
   0.10    0.10   clock uncertainty
   0.00    0.10   clock reconvergence pessimism
           0.10 ^ uut/wl/_31_/CLK (sky130_fd_sc_hd__dfxtp_1)
  -0.05    0.05   library hold time
           0.05   data required time
---------------------------------------------------------
           0.05   data required time
          -0.68   data arrival time
---------------------------------------------------------
           0.63   slack (MET)


Startpoint: uut/wl/_34_ (rising edge-triggered flip-flop clocked by wclk)
Endpoint: uut/wl/_34_ (rising edge-triggered flip-flop clocked by wclk)
Path Group: wclk
Path Type: min

  Delay    Time   Description
---------------------------------------------------------
   0.00    0.00   clock wclk (rise edge)
   0.00    0.00   clock network delay (ideal)
   0.00    0.00 ^ uut/wl/_34_/CLK (sky130_fd_sc_hd__dfxtp_1)
   0.49    0.49 v uut/wl/_34_/Q (sky130_fd_sc_hd__dfxtp_1)
   0.26    0.75 v uut/wl/_28_/X (sky130_fd_sc_hd__o21a_1)
   0.00    0.75 v uut/wl/_34_/D (sky130_fd_sc_hd__dfxtp_1)
           0.75   data arrival time

   0.00    0.00   clock wclk (rise edge)
   0.00    0.00   clock network delay (ideal)
   0.10    0.10   clock uncertainty
   0.00    0.10   clock reconvergence pessimism
           0.10 ^ uut/wl/_34_/CLK (sky130_fd_sc_hd__dfxtp_1)
  -0.06    0.04   library hold time
           0.04   data required time
---------------------------------------------------------
           0.04   data required time
          -0.75   data arrival time
---------------------------------------------------------
           0.70   slack (MET)


Startpoint: uut/wl/_32_ (rising edge-triggered flip-flop clocked by wclk)
Endpoint: uut/wl/_32_ (rising edge-triggered flip-flop clocked by wclk)
Path Group: wclk
Path Type: min

  Delay    Time   Description
---------------------------------------------------------
   0.00    0.00   clock wclk (rise edge)
   0.00    0.00   clock network delay (ideal)
   0.00    0.00 ^ uut/wl/_32_/CLK (sky130_fd_sc_hd__dfxtp_1)
   0.55    0.55 v uut/wl/_32_/Q (sky130_fd_sc_hd__dfxtp_1)
   0.21    0.76 ^ uut/wl/_23_/Y (sky130_fd_sc_hd__a21oi_1)
   0.00    0.76 ^ uut/wl/_32_/D (sky130_fd_sc_hd__dfxtp_1)
           0.76   data arrival time

   0.00    0.00   clock wclk (rise edge)
   0.00    0.00   clock network delay (ideal)
   0.10    0.10   clock uncertainty
   0.00    0.10   clock reconvergence pessimism
           0.10 ^ uut/wl/_32_/CLK (sky130_fd_sc_hd__dfxtp_1)
  -0.05    0.05   library hold time
           0.05   data required time
---------------------------------------------------------
           0.05   data required time
          -0.76   data arrival time
---------------------------------------------------------
           0.71   slack (MET)


Startpoint: uut/wl/_33_ (rising edge-triggered flip-flop clocked by wclk)
Endpoint: uut/wl/_33_ (rising edge-triggered flip-flop clocked by wclk)
Path Group: wclk
Path Type: min

  Delay    Time   Description
---------------------------------------------------------
   0.00    0.00   clock wclk (rise edge)
   0.00    0.00   clock network delay (ideal)
   0.00    0.00 ^ uut/wl/_33_/CLK (sky130_fd_sc_hd__dfxtp_1)
   0.54    0.54 v uut/wl/_33_/Q (sky130_fd_sc_hd__dfxtp_1)
   0.22    0.76 ^ uut/wl/_29_/Y (sky130_fd_sc_hd__a21oi_1)
   0.05    0.80 v uut/wl/_30_/Y (sky130_fd_sc_hd__nor3_1)
   0.00    0.80 v uut/wl/_33_/D (sky130_fd_sc_hd__dfxtp_1)
           0.80   data arrival time

   0.00    0.00   clock wclk (rise edge)
   0.00    0.00   clock network delay (ideal)
   0.10    0.10   clock uncertainty
   0.00    0.10   clock reconvergence pessimism
           0.10 ^ uut/wl/_33_/CLK (sky130_fd_sc_hd__dfxtp_1)
  -0.06    0.04   library hold time
           0.04   data required time
---------------------------------------------------------
           0.04   data required time
          -0.80   data arrival time
---------------------------------------------------------
           0.76   slack (MET)


Startpoint: uut/wl/_33_ (rising edge-triggered flip-flop clocked by wclk)
Endpoint: uut1/_189_ (rising edge-triggered flip-flop clocked by wclk)
Path Group: wclk
Path Type: min

  Delay    Time   Description
---------------------------------------------------------
   0.00    0.00   clock wclk (rise edge)
   0.00    0.00   clock network delay (ideal)
   0.00    0.00 ^ uut/wl/_33_/CLK (sky130_fd_sc_hd__dfxtp_1)
   0.54    0.54 v uut/wl/_33_/Q (sky130_fd_sc_hd__dfxtp_1)
   0.17    0.71 ^ uut1/_172_/Y (sky130_fd_sc_hd__nand2_1)
   0.38    1.09 v uut1/_174_/Y (sky130_fd_sc_hd__nor2_1)
   0.00    1.09 v uut1/_189_/DE (sky130_fd_sc_hd__edfxtp_1)
           1.09   data arrival time

   0.00    0.00   clock wclk (rise edge)
   0.00    0.00   clock network delay (ideal)
   0.10    0.10   clock uncertainty
   0.00    0.10   clock reconvergence pessimism
           0.10 ^ uut1/_189_/CLK (sky130_fd_sc_hd__edfxtp_1)
  -0.31   -0.21   library hold time
          -0.21   data required time
---------------------------------------------------------
          -0.21   data required time
          -1.09   data arrival time
---------------------------------------------------------
           1.30   slack (MET)


Startpoint: uut/wl/_33_ (rising edge-triggered flip-flop clocked by wclk)
Endpoint: uut1/_190_ (rising edge-triggered flip-flop clocked by wclk)
Path Group: wclk
Path Type: min

  Delay    Time   Description
---------------------------------------------------------
   0.00    0.00   clock wclk (rise edge)
   0.00    0.00   clock network delay (ideal)
   0.00    0.00 ^ uut/wl/_33_/CLK (sky130_fd_sc_hd__dfxtp_1)
   0.54    0.54 v uut/wl/_33_/Q (sky130_fd_sc_hd__dfxtp_1)
   0.17    0.71 ^ uut1/_172_/Y (sky130_fd_sc_hd__nand2_1)
   0.38    1.09 v uut1/_174_/Y (sky130_fd_sc_hd__nor2_1)
   0.00    1.09 v uut1/_190_/DE (sky130_fd_sc_hd__edfxtp_1)
           1.09   data arrival time

   0.00    0.00   clock wclk (rise edge)
   0.00    0.00   clock network delay (ideal)
   0.10    0.10   clock uncertainty
   0.00    0.10   clock reconvergence pessimism
           0.10 ^ uut1/_190_/CLK (sky130_fd_sc_hd__edfxtp_1)
  -0.31   -0.21   library hold time
          -0.21   data required time
---------------------------------------------------------
          -0.21   data required time
          -1.09   data arrival time
---------------------------------------------------------
           1.30   slack (MET)


